12/12/2023 02:44:25 PM: INFO: ***************** Test_001_Start_Execution **********************
12/12/2023 02:44:26 PM: INFO: ***************** Page Title Passed **********************
12/12/2023 02:44:34 PM: INFO: ***************** Start Login with Valid Credentials **********************
12/12/2023 02:44:34 PM: INFO: ***************** Varify Login Page Title **********************
12/12/2023 02:44:46 PM: INFO: ***************** Page Title verification is Passed **********************
12/14/2023 11:49:15 AM: INFO: ***************** Test_003_Add_New_Customer ******************

12/14/2023 11:49:15 AM: INFO: ***************** Start Login with Valid Credentials **********************
12/14/2023 11:49:21 AM: INFO: **************** Login Successful *******************
12/14/2023 11:49:21 AM: INFO: ******* Start processing to adding new customer details ***********
12/14/2023 11:49:31 AM: INFO: ******* Start adding new customer details ***********
12/14/2023 11:49:49 AM: INFO: *******  new customer details is saved ***********
12/14/2023 11:49:49 AM: INFO: 
******* Verify the newly created customer ***********
12/14/2023 11:49:49 AM: INFO: ********** Customer added successfully **************
12/14/2023 11:49:50 AM: INFO: ***************** Test_003_Add_New_Customer is completed ******************
12/14/2023 11:49:58 AM: INFO: ***************** Test_001_Start_Execution **********************
12/14/2023 11:50:01 AM: INFO: ***************** Page Title Passed **********************
12/14/2023 11:50:09 AM: INFO: ***************** Start Login with Valid Credentials **********************
12/14/2023 11:50:09 AM: INFO: ***************** Varify Login Page Title **********************
12/14/2023 11:50:24 AM: INFO: ***************** Page Title verification is Passed **********************
12/14/2023 11:50:33 AM: INFO: ***************** Test_002_DDT_Login **********************
12/14/2023 11:50:33 AM: INFO: ***************** Verifying Login DDT Test **********************
12/14/2023 11:50:45 AM: ERROR: **** Satus is Failed ****
12/14/2023 11:50:45 AM: INFO: ***************** End of Login with DDT **********************
12/14/2023 11:50:45 AM: INFO: ***************** Completed Test_002_DDT_Login **********************
12/14/2023 11:50:53 AM: INFO: ***************** Test_004_Search_Customer_By_Email ******************

12/14/2023 11:50:53 AM: INFO: ***************** Start Login with Valid Credentials **********************
12/14/2023 11:50:54 AM: INFO: **************** Login Successful *******************
12/14/2023 11:50:54 AM: INFO: ******* Start processing to searching a existing customer ***********
12/14/2023 11:50:54 AM: INFO: ******* Moving to the search page ***********
12/14/2023 11:51:02 AM: INFO: ******* Start searching processes with email id ***********
12/14/2023 11:51:12 AM: INFO: ***************** Test_004_Search_Customer_By_Email is completed ******************

12/14/2023 11:51:21 AM: INFO: ***************** Test_004_Search_Customer_By_Email ******************

12/14/2023 11:51:21 AM: INFO: ***************** Start Login with Valid Credentials **********************
12/14/2023 11:51:24 AM: INFO: **************** Login Successful *******************
12/14/2023 11:51:24 AM: INFO: ******* Start processing to searching a existing customer ***********
12/14/2023 11:51:24 AM: INFO: ******* Moving to the search page ***********
12/14/2023 11:51:37 AM: INFO: ******* Start searching processes with Name ***********
12/14/2023 11:51:42 AM: INFO: ***************** Test_005_Search_Customer_By_Name is completed ******************
