12/12/2023 02:31:50 PM: INFO: ***************** Test_001_Start_Execution **********************
12/12/2023 02:31:53 PM: INFO: ***************** Page Title Passed **********************
12/12/2023 02:32:02 PM: INFO: ***************** Start Login with Valid Credentials **********************
12/12/2023 02:32:02 PM: INFO: ***************** Varify Login Page Title **********************
12/12/2023 02:32:20 PM: INFO: ***************** Page Title verification is Passed **********************
12/12/2023 09:43:14 PM: INFO: ***************** Test_002_DDT_Login **********************
12/12/2023 09:43:14 PM: INFO: ***************** Verifying Login DDT Test **********************
12/12/2023 09:43:30 PM: INFO:  **** Satus is Passed ****
12/12/2023 09:43:31 PM: INFO: **** Login DDT Test is Passed ****
12/14/2023 02:50:16 PM: INFO: ***************** Test_004_Search_Customer_By_Email ******************

12/14/2023 02:50:16 PM: INFO: ***************** Start Login with Valid Credentials **********************
12/14/2023 02:50:23 PM: INFO: **************** Login Successful *******************
12/14/2023 02:50:23 PM: INFO: ******* Start processing to searching a existing customer ***********
12/14/2023 02:50:23 PM: INFO: ******* Moving to the search page ***********
12/14/2023 02:50:35 PM: INFO: ******* Start searching processes with Name ***********
12/14/2023 02:50:41 PM: INFO: ***************** Test_005_Search_Customer_By_Name is completed ******************
12/14/2023 09:11:40 PM: INFO: ***************** Test_001_Start_Execution **********************
12/14/2023 09:11:41 PM: INFO: ***************** Page Title Passed **********************
12/14/2023 09:11:49 PM: INFO: ***************** Test_001_Start_Execution **********************
12/14/2023 09:11:50 PM: INFO: ***************** Page Title Passed **********************
12/14/2023 09:11:55 PM: INFO: ***************** Start Login with Valid Credentials **********************
12/14/2023 09:11:55 PM: INFO: ***************** Varify Login Page Title **********************
12/14/2023 09:12:12 PM: INFO: ***************** Page Title verification is Passed **********************
