12/13/2023 03:28:09 PM: INFO: ***************** Test_001_Start_Execution **********************
12/13/2023 03:28:10 PM: INFO: ***************** Page Title Passed **********************
12/13/2023 03:28:14 PM: INFO: ***************** Start Login with Valid Credentials **********************
12/13/2023 03:28:14 PM: INFO: ***************** Varify Login Page Title **********************
12/13/2023 03:28:30 PM: INFO: ***************** Page Title verification is Passed **********************
12/14/2023 04:29:06 PM: INFO: ***************** Test_003_Add_New_Customer ******************

12/14/2023 04:29:06 PM: INFO: ***************** Start Login with Valid Credentials **********************
12/14/2023 04:29:13 PM: INFO: **************** Login Successful *******************
12/14/2023 04:29:13 PM: INFO: ******* Start processing to adding new customer details ***********
12/14/2023 04:29:24 PM: INFO: ******* Start adding new customer details ***********
12/14/2023 04:29:43 PM: INFO: *******  new customer details is saved ***********
12/14/2023 04:29:43 PM: INFO: 
******* Verify the newly created customer ***********
12/14/2023 04:29:43 PM: INFO: ********** Customer added successfully **************
12/14/2023 04:29:44 PM: INFO: ***************** Test_003_Add_New_Customer is completed ******************
12/14/2023 04:29:52 PM: INFO: ***************** Start Login with Valid Credentials **********************
12/14/2023 04:29:52 PM: INFO: ***************** Varify Login Page Title **********************
12/14/2023 04:30:07 PM: INFO: ***************** Page Title verification is Passed **********************
12/14/2023 04:30:16 PM: INFO: ***************** Test_002_DDT_Login **********************
12/14/2023 04:30:16 PM: INFO: ***************** Verifying Login DDT Test **********************
12/14/2023 04:30:28 PM: ERROR: **** Satus is Failed ****
12/14/2023 04:30:28 PM: INFO: ***************** End of Login with DDT **********************
12/14/2023 04:30:28 PM: INFO: ***************** Completed Test_002_DDT_Login **********************
12/14/2023 04:30:38 PM: INFO: ***************** Test_004_Search_Customer_By_Email ******************

12/14/2023 04:30:38 PM: INFO: ***************** Start Login with Valid Credentials **********************
12/14/2023 04:30:42 PM: INFO: **************** Login Successful *******************
12/14/2023 04:30:42 PM: INFO: ******* Start processing to searching a existing customer ***********
12/14/2023 04:30:42 PM: INFO: ******* Moving to the search page ***********
12/14/2023 04:30:52 PM: INFO: ******* Start searching processes with email id ***********
12/14/2023 04:31:02 PM: INFO: ***************** Test_004_Search_Customer_By_Email is completed ******************

12/14/2023 04:31:13 PM: INFO: ***************** Test_004_Search_Customer_By_Email ******************

12/14/2023 04:31:13 PM: INFO: ***************** Start Login with Valid Credentials **********************
12/14/2023 04:31:25 PM: INFO: **************** Login Successful *******************
12/14/2023 04:31:25 PM: INFO: ******* Start processing to searching a existing customer ***********
12/14/2023 04:31:25 PM: INFO: ******* Moving to the search page ***********
12/14/2023 04:31:41 PM: INFO: ******* Start searching processes with Name ***********
12/14/2023 04:31:46 PM: INFO: ***************** Test_005_Search_Customer_By_Name is completed ******************
