12/12/2023 02:53:41 PM: INFO: ***************** Test_001_Start_Execution **********************
12/12/2023 02:53:41 PM: INFO: ***************** Page Title Passed **********************
12/12/2023 02:53:51 PM: INFO: ***************** Start Login with Valid Credentials **********************
12/12/2023 02:53:51 PM: INFO: ***************** Varify Login Page Title **********************
12/12/2023 02:54:06 PM: INFO: ***************** Page Title verification is Passed **********************
12/12/2023 09:47:48 PM: INFO: ***************** Test_002_DDT_Login **********************
12/12/2023 09:47:48 PM: INFO: ***************** Verifying Login DDT Test **********************
12/12/2023 09:48:05 PM: INFO:  **** Satus is Passed ****
12/12/2023 09:48:05 PM: INFO: **** Login DDT Test is Passed ****
12/12/2023 09:50:14 PM: INFO: ***************** Test_002_DDT_Login **********************
12/12/2023 09:50:14 PM: INFO: ***************** Verifying Login DDT Test **********************
12/12/2023 09:50:20 PM: ERROR: **** Satus is Failed ****
12/12/2023 09:50:20 PM: ERROR: **** Login DDT Test is Failed ****
12/13/2023 03:28:51 PM: INFO: ***************** Test_002_DDT_Login **********************
12/13/2023 03:28:51 PM: INFO: ***************** Verifying Login DDT Test **********************
12/13/2023 03:29:06 PM: ERROR: **** Satus is Failed ****
12/13/2023 03:29:06 PM: INFO: ***************** End of Login with DDT **********************
12/13/2023 03:29:06 PM: INFO: ***************** Completed Test_002_DDT_Login **********************
12/13/2023 10:48:30 PM: INFO: ***************** Test_004_Search_Customer_By_Email ******************

12/13/2023 10:48:30 PM: INFO: ***************** Start Login with Valid Credentials **********************
12/13/2023 10:48:42 PM: INFO: **************** Login Successful *******************
12/13/2023 10:48:42 PM: INFO: ******* Start processing to searching a existing customer ***********
12/13/2023 10:48:42 PM: INFO: ******* Moving to the search page ***********
12/13/2023 10:48:50 PM: INFO: ******* Start searching processes with email id ***********
12/13/2023 10:49:00 PM: INFO: ***************** Test_004_Search_Customer_By_Email is completed ******************

