12/14/2023 03:17:25 PM: INFO: ***************** Test_003_Add_New_Customer ******************

12/14/2023 03:17:25 PM: INFO: ***************** Start Login with Valid Credentials **********************
12/14/2023 03:17:30 PM: INFO: **************** Login Successful *******************
12/14/2023 03:17:30 PM: INFO: ******* Start processing to adding new customer details ***********
12/14/2023 03:17:41 PM: INFO: ******* Start adding new customer details ***********
12/14/2023 03:17:58 PM: INFO: *******  new customer details is saved ***********
12/14/2023 03:17:58 PM: INFO: 
******* Verify the newly created customer ***********
12/14/2023 03:17:59 PM: INFO: ********** Customer added successfully **************
12/14/2023 03:18:00 PM: INFO: ***************** Test_003_Add_New_Customer is completed ******************
12/14/2023 03:18:08 PM: INFO: ***************** Start Login with Valid Credentials **********************
12/14/2023 03:18:08 PM: INFO: ***************** Varify Login Page Title **********************
12/14/2023 03:18:22 PM: INFO: ***************** Page Title verification is Passed **********************
12/14/2023 03:18:31 PM: INFO: ***************** Test_002_DDT_Login **********************
12/14/2023 03:18:31 PM: INFO: ***************** Verifying Login DDT Test **********************
12/14/2023 03:18:39 PM: ERROR: **** Satus is Failed ****
12/14/2023 03:18:39 PM: INFO: ***************** End of Login with DDT **********************
12/14/2023 03:18:39 PM: INFO: ***************** Completed Test_002_DDT_Login **********************
12/14/2023 03:18:47 PM: INFO: ***************** Test_004_Search_Customer_By_Email ******************

12/14/2023 03:18:47 PM: INFO: ***************** Start Login with Valid Credentials **********************
12/14/2023 03:18:54 PM: INFO: **************** Login Successful *******************
12/14/2023 03:18:54 PM: INFO: ******* Start processing to searching a existing customer ***********
12/14/2023 03:18:54 PM: INFO: ******* Moving to the search page ***********
12/14/2023 03:19:09 PM: INFO: ******* Start searching processes with email id ***********
12/14/2023 03:19:19 PM: INFO: ***************** Test_004_Search_Customer_By_Email is completed ******************

12/14/2023 03:19:27 PM: INFO: ***************** Test_004_Search_Customer_By_Email ******************

12/14/2023 03:19:27 PM: INFO: ***************** Start Login with Valid Credentials **********************
12/14/2023 03:19:33 PM: INFO: **************** Login Successful *******************
12/14/2023 03:19:33 PM: INFO: ******* Start processing to searching a existing customer ***********
12/14/2023 03:19:33 PM: INFO: ******* Moving to the search page ***********
12/14/2023 03:19:45 PM: INFO: ******* Start searching processes with Name ***********
12/14/2023 03:19:51 PM: INFO: ***************** Test_005_Search_Customer_By_Name is completed ******************
